nohup: ignoring input

=== agent vs. baseline0 ===
game 1, stack: 0-2000, time: 0.01s
game 2, stack: 2000-0, time: 0.01s
game 3, stack: 2000-0, time: 0.01s
game 4, stack: 0-2000, time: 0.01s
game 5, stack: 0-2000, time: 0.01s
game 6, stack: 0-2000, time: 0.03s
game 7, stack: 0-2000, time: 0.02s
game 8, stack: 2000-0, time: 0.01s
game 9, stack: 0-2000, time: 0.01s
game 10, stack: 0-2000, time: 0.01s

=== agent vs. baseline1 ===
game 1, stack: 0-2000, time: 1.31s
game 2, stack: 0-2000, time: 0.88s
game 3, stack: 0-2000, time: 0.89s
game 4, stack: 2000-0, time: 0.88s
game 5, stack: 2000-0, time: 0.76s
game 6, stack: 2000-0, time: 0.88s
game 7, stack: 2000-0, time: 0.88s
game 8, stack: 2000-0, time: 0.89s
game 9, stack: 2000-0, time: 0.89s
game 10, stack: 0-2000, time: 0.87s

=== agent vs. baseline2 ===
game 1, stack: 2000-0, time: 2.78s
game 2, stack: 2000-0, time: 2.94s
game 3, stack: 0-2000, time: 2.91s
game 4, stack: 0-2000, time: 2.72s
game 5, stack: 2000-0, time: 3.01s
game 6, stack: 2000-0, time: 3.26s
game 7, stack: 0-2000, time: 3.14s
game 8, stack: 0-2000, time: 2.95s
game 9, stack: 2000-0, time: 3.02s
game 10, stack: 2000-0, time: 3.21s

=== agent vs. baseline3 ===
game 1, stack: 195-1805, time: 28.21s
game 2, stack: 255-1745, time: 49.37s
game 3, stack: 170-1830, time: 16.66s
game 4, stack: 2000-0, time: 25.64s
game 5, stack: 0-2000, time: 5.59s
game 6, stack: 2000-0, time: 15.08s
game 7, stack: 195-1805, time: 24.75s
game 8, stack: 205-1795, time: 28.13s
game 9, stack: 155-1845, time: 9.97s
game 10, stack: 170-1830, time: 15.74s

=== agent vs. baseline4 ===
game 1, stack: 2000-0, time: 0.01s
game 2, stack: 0-2000, time: 0.01s
game 3, stack: 0-2000, time: 0.01s
game 4, stack: 0-2000, time: 0.03s
game 5, stack: 0-2000, time: 0.01s
game 6, stack: 2000-0, time: 0.01s
game 7, stack: 2000-0, time: 0.01s
game 8, stack: 2000-0, time: 0.03s
game 9, stack: 2000-0, time: 0.01s
game 10, stack: 0-2000, time: 0.00s

=== agent vs. baseline5 ===
game 1, stack: 0-2000, time: 0.07s
game 2, stack: 245-1755, time: 1.03s
game 3, stack: 0-2000, time: 0.09s
game 4, stack: 195-1805, time: 0.98s
game 5, stack: 2000-0, time: 0.64s
game 6, stack: 220-1780, time: 0.76s
game 7, stack: 245-1755, time: 0.90s
game 8, stack: 205-1795, time: 0.70s
game 9, stack: 2000-0, time: 0.11s
game 10, stack: 2000-0, time: 0.42s

=== agent vs. baseline6 ===
game 1, stack: 0-2000, time: 0.69s
game 2, stack: 195-1805, time: 1.02s
game 3, stack: 170-1830, time: 1.33s
game 4, stack: 205-1795, time: 1.36s
game 5, stack: 155-1845, time: 1.67s
game 6, stack: 0-2000, time: 2.00s
game 7, stack: 2000-0, time: 1.61s
game 8, stack: 2000-0, time: 2.41s
game 9, stack: 2000-0, time: 2.23s
game 10, stack: 2000-0, time: 2.64s

=== agent vs. baseline7 ===
game 1, stack: 2000-0, time: 0.01s
game 2, stack: 270-1730, time: 0.03s
game 3, stack: 295-1705, time: 0.05s
game 4, stack: 0-2000, time: 0.00s
game 5, stack: 2000-0, time: 0.01s
game 6, stack: 270-1730, time: 0.03s
game 7, stack: 295-1705, time: 0.04s
game 8, stack: 160-1840, time: 0.04s
game 9, stack: 2000-0, time: 0.02s
game 10, stack: 2000-0, time: 0.01s

=== agent vs. random ===
game 1, stack: 1890-110, time: 0.04s
game 2, stack: 1737-263, time: 0.03s
game 3, stack: 1624-376, time: 0.02s
game 4, stack: 1215-785, time: 0.04s
game 5, stack: 1905-95, time: 0.03s
game 6, stack: 1416-584, time: 0.02s
game 7, stack: 0-2000, time: 0.00s
game 8, stack: 1213-787, time: 0.03s
game 9, stack: 1448-552, time: 0.03s
game 10, stack: 1438-562, time: 0.02s

=== agent vs. allin ===
game 1, stack: 1000-1000, time: 0.02s
game 2, stack: 1000-1000, time: 0.05s
game 3, stack: 1000-1000, time: 0.03s
game 4, stack: 1000-1000, time: 0.03s
game 5, stack: 1000-1000, time: 0.05s
game 6, stack: 1000-1000, time: 0.05s
game 7, stack: 1000-1000, time: 0.04s
game 8, stack: 1000-1000, time: 0.03s
game 9, stack: 1000-1000, time: 0.03s
game 10, stack: 1000-1000, time: 0.04s

=== Results ===
baseline0: 3/10
baseline1: 6/10
baseline2: 6/10
baseline3: 2/10
baseline4: 5/10
baseline5: 3/10
baseline6: 4/10
baseline7: 4/10
random: 9/10
allin: 0/10
