nohup: ignoring input

=== agent vs. baseline0 ===
game 1, stack: 0-2000, time: 1.24s
game 2, stack: 2000-0, time: 1.25s
game 3, stack: 0-2000, time: 1.28s
game 4, stack: 0-2000, time: 1.28s
game 5, stack: 1800-200, time: 1.32s
game 6, stack: 0-2000, time: 1.20s
game 7, stack: 0-1995, time: 1.26s
game 8, stack: 1790-210, time: 1.25s
game 9, stack: 2000-0, time: 1.35s
game 10, stack: 1835-165, time: 1.27s

=== agent vs. baseline1 ===
game 1, stack: 0-2000, time: 6.17s
game 2, stack: 0-2000, time: 2.61s
game 3, stack: 2000-0, time: 3.34s
game 4, stack: 1915-85, time: 13.33s
game 5, stack: 1815-185, time: 18.75s
game 6, stack: 2000-0, time: 3.51s
game 7, stack: 1373-627, time: 7.43s
game 8, stack: 0-2000, time: 2.49s
game 9, stack: 2000-0, time: 5.18s
game 10, stack: 1388-612, time: 9.31s

=== agent vs. baseline2 ===
game 1, stack: 871-1129, time: 8.17s
game 2, stack: 0-2000, time: 6.41s
game 3, stack: 0-2000, time: 4.70s
game 4, stack: 1800-200, time: 26.68s
game 5, stack: 0-2000, time: 4.58s
game 6, stack: 0-2000, time: 4.57s
game 7, stack: 1755-245, time: 33.47s
game 8, stack: 0-2000, time: 6.32s
game 9, stack: 1149-851, time: 43.78s
game 10, stack: 2000-0, time: 4.70s

=== agent vs. baseline3 ===
game 1, stack: 175-1825, time: 96.02s
game 2, stack: 1393-607, time: 71.73s
game 3, stack: 1199-801, time: 74.08s
game 4, stack: 1215-785, time: 87.58s
game 5, stack: 0-2000, time: 13.96s
game 6, stack: 1100-900, time: 126.36s
game 7, stack: 867-1133, time: 118.15s
game 8, stack: 1746-254, time: 146.53s
game 9, stack: 1194-806, time: 96.69s
game 10, stack: 135-1865, time: 61.30s

=== agent vs. baseline4 ===
game 1, stack: 2000-0, time: 13.47s
game 2, stack: 2000-0, time: 14.98s
game 3, stack: 811-1189, time: 16.24s
game 4, stack: 0-2000, time: 19.13s
game 5, stack: 1669-331, time: 17.34s
game 6, stack: 2000-0, time: 1.17s
game 7, stack: 1394-606, time: 7.98s
game 8, stack: 0-2000, time: 1.28s
game 9, stack: 0-2000, time: 1.23s
game 10, stack: 2000-0, time: 1.24s

=== agent vs. baseline5 ===
game 1, stack: 985-1015, time: 12.67s
game 2, stack: 0-2000, time: 7.89s
game 3, stack: 90-1910, time: 6.99s
game 4, stack: 1010-990, time: 8.65s
game 5, stack: 995-1005, time: 8.36s
game 6, stack: 130-1870, time: 7.06s
game 7, stack: 975-1025, time: 6.88s
game 8, stack: 0-1995, time: 5.09s
game 9, stack: 0-1995, time: 4.32s
game 10, stack: 2000-0, time: 5.26s

=== agent vs. baseline6 ===
game 1, stack: 0-2000, time: 5.44s
game 2, stack: 0-2000, time: 2.70s
game 3, stack: 1875-125, time: 7.05s
game 4, stack: 1850-150, time: 6.19s
game 5, stack: 0-2000, time: 3.24s
game 6, stack: 971-1029, time: 4.55s
game 7, stack: 0-2000, time: 3.34s
game 8, stack: 2000-0, time: 5.28s
game 9, stack: 0-2000, time: 7.02s
game 10, stack: 1836-164, time: 17.44s

=== agent vs. baseline7 ===
game 1, stack: 217-1783, time: 7.24s
game 2, stack: 2000-0, time: 1.23s
game 3, stack: 190-1810, time: 13.43s
game 4, stack: 973-1027, time: 26.02s
game 5, stack: 909-1091, time: 13.19s
game 6, stack: 866-1134, time: 9.90s
game 7, stack: 201-1799, time: 13.56s
game 8, stack: 240-1760, time: 22.51s
game 9, stack: 2000-0, time: 21.82s
game 10, stack: 159-1841, time: 9.56s

=== agent vs. random ===
game 1, stack: 1851-149, time: 1.26s
game 2, stack: 0-2000, time: 1.10s
game 3, stack: 1530-470, time: 1.26s
game 4, stack: 1470-530, time: 1.28s
game 5, stack: 25-1975, time: 1.23s
game 6, stack: 1545-455, time: 1.30s
game 7, stack: 1595-405, time: 1.33s
game 8, stack: 0-2000, time: 1.15s
game 9, stack: 1770-230, time: 1.31s
game 10, stack: 1466-534, time: 1.29s

=== agent vs. allin ===
game 1, stack: 780-1220, time: 1.30s
game 2, stack: 795-1205, time: 1.24s
game 3, stack: 795-1205, time: 1.30s
game 4, stack: 780-1220, time: 1.17s
game 5, stack: 775-1225, time: 1.30s
game 6, stack: 780-1220, time: 1.24s
game 7, stack: 850-1150, time: 1.34s
game 8, stack: 805-1195, time: 1.28s
game 9, stack: 815-1185, time: 1.24s
game 10, stack: 795-1205, time: 1.25s

=== Results ===
baseline0: 5/10
baseline1: 7/10
baseline2: 4/10
baseline3: 6/10
baseline4: 6/10
baseline5: 2/10
baseline6: 4/10
baseline7: 2/10
random: 7/10
allin: 0/10
