nohup: ignoring input

=== agent vs. baseline0 ===
game 1, stack: 2000-0, time: 0.39s
game 2, stack: 0-2000, time: 0.34s
game 3, stack: 2000-0, time: 0.40s
game 4, stack: 0-2000, time: 0.47s
game 5, stack: 1800-200, time: 0.55s
game 6, stack: 1860-140, time: 0.60s
game 7, stack: 0-2000, time: 0.45s
game 8, stack: 0-2000, time: 0.56s
game 9, stack: 2000-0, time: 0.47s
game 10, stack: 2000-0, time: 0.52s

=== agent vs. baseline1 ===
game 1, stack: 2000-0, time: 7.23s
game 2, stack: 2000-0, time: 1.67s
game 3, stack: 2000-0, time: 3.86s
game 4, stack: 1312-688, time: 5.98s
game 5, stack: 0-2000, time: 3.73s
game 6, stack: 1800-200, time: 4.29s
game 7, stack: 0-2000, time: 1.37s
game 8, stack: 0-2000, time: 1.86s
game 9, stack: 0-2000, time: 2.11s
game 10, stack: 0-2000, time: 0.74s

=== agent vs. baseline2 ===
game 1, stack: 0-2000, time: 2.65s
game 2, stack: 0-2000, time: 6.95s
game 3, stack: 2000-0, time: 2.85s
game 4, stack: 0-2000, time: 3.21s
game 5, stack: 1845-155, time: 19.22s
game 6, stack: 0-2000, time: 21.54s
game 7, stack: 1335-665, time: 18.05s
game 8, stack: 0-2000, time: 5.55s
game 9, stack: 1845-155, time: 18.60s
game 10, stack: 0-2000, time: 6.69s

=== agent vs. baseline3 ===
game 1, stack: 990-1010, time: 68.88s
game 2, stack: 0-2000, time: 5.27s
game 3, stack: 1173-827, time: 58.31s
game 4, stack: 1389-611, time: 41.68s
game 5, stack: 1211-789, time: 74.81s
game 6, stack: 1194-806, time: 78.65s
game 7, stack: 1205-795, time: 73.45s
game 8, stack: 1201-799, time: 67.50s
game 9, stack: 2000-0, time: 56.63s
game 10, stack: 1214-786, time: 61.95s

=== agent vs. baseline4 ===
game 1, stack: 0-2000, time: 12.51s
game 2, stack: 0-1995, time: 19.01s
game 3, stack: 2000-0, time: 11.66s
game 4, stack: 0-2000, time: 12.55s
game 5, stack: 0-2000, time: 0.39s
game 6, stack: 0-2000, time: 8.51s
game 7, stack: 0-1995, time: 8.49s
game 8, stack: 1835-165, time: 16.50s
game 9, stack: 2000-0, time: 0.36s
game 10, stack: 0-2000, time: 12.42s

=== agent vs. baseline5 ===
game 1, stack: 995-1005, time: 2.43s
game 2, stack: 995-1005, time: 3.23s
game 3, stack: 990-1010, time: 4.57s
game 4, stack: 110-1890, time: 0.83s
game 5, stack: 686-1314, time: 6.64s
game 6, stack: 991-1009, time: 4.07s
game 7, stack: 0-2000, time: 3.41s
game 8, stack: 150-1850, time: 3.47s
game 9, stack: 975-1025, time: 2.32s
game 10, stack: 0-2000, time: 0.42s

=== agent vs. baseline6 ===
game 1, stack: 0-2000, time: 1.67s
game 2, stack: 2000-0, time: 3.84s
game 3, stack: 0-2000, time: 1.78s
game 4, stack: 1865-135, time: 2.89s
game 5, stack: 0-2000, time: 1.86s
game 6, stack: 0-2000, time: 3.31s
game 7, stack: 2000-0, time: 3.97s
game 8, stack: 0-1995, time: 5.47s
game 9, stack: 1783-217, time: 9.02s
game 10, stack: 0-2000, time: 2.67s

=== agent vs. baseline7 ===
game 1, stack: 2000-0, time: 0.33s
game 2, stack: 2000-0, time: 0.32s
game 3, stack: 2000-0, time: 6.79s
game 4, stack: 0-2000, time: 9.42s
game 5, stack: 95-1905, time: 17.15s
game 6, stack: 115-1885, time: 0.38s
game 7, stack: 940-1060, time: 8.89s
game 8, stack: 958-1042, time: 17.41s
game 9, stack: 2000-0, time: 10.44s
game 10, stack: 2000-0, time: 3.82s

=== agent vs. random ===
game 1, stack: 1612-388, time: 0.38s
game 2, stack: 1717-283, time: 0.37s
game 3, stack: 1361-639, time: 0.38s
game 4, stack: 2000-0, time: 0.36s
game 5, stack: 1707-293, time: 0.37s
game 6, stack: 1822-178, time: 0.37s
game 7, stack: 1905-95, time: 0.37s
game 8, stack: 0-2000, time: 0.47s
game 9, stack: 1251-749, time: 0.37s
game 10, stack: 0-1998, time: 0.35s

=== agent vs. allin ===
game 1, stack: 840-1160, time: 0.39s
game 2, stack: 825-1175, time: 0.38s
game 3, stack: 825-1175, time: 0.35s
game 4, stack: 870-1130, time: 0.33s
game 5, stack: 825-1175, time: 0.33s
game 6, stack: 835-1165, time: 0.37s
game 7, stack: 850-1150, time: 0.37s
game 8, stack: 835-1165, time: 0.34s
game 9, stack: 855-1145, time: 0.38s
game 10, stack: 830-1170, time: 0.51s

=== Results ===
baseline0: 6/10
baseline1: 5/10
baseline2: 4/10
baseline3: 8/10
baseline4: 3/10
baseline5: 0/10
baseline6: 4/10
baseline7: 5/10
random: 8/10
allin: 0/10
